<?xml version="1.0" encoding="UTF-8"?>
<!-- Generated by org.testng.reporters.JUnitXMLReporter -->
<testsuite hostname="DESKTOP-6NI868R" ignored="0" name="Test" tests="3" failures="0" timestamp="22 Feb 2020 17:40:14 GMT" time="57.379" errors="0">
  <testcase name="TitleTest" time="0.106" classname="Google.GoogleSearch"/>
  <testcase name="loginTest" time="8.033" classname="Google.freeCRM"/>
  <testcase name="TitleTest2" time="0.056" classname="Google.GoogleSearch"/>
</testsuite> <!-- Test -->
