<?xml version="1.0" encoding="UTF-8"?>
<testsuite xmlns:xsi="http://www.w3.org/2001/XMLSchema-instance" xsi:noNamespaceSchemaLocation="https://maven.apache.org/surefire/maven-surefire-plugin/xsd/surefire-test-report.xsd" name="TestSuite" time="17.124" tests="6" errors="0" skipped="5" failures="1">
  <properties>
[...]
</properties>
  <testcase name="SetUp" classname="Google.GoogleSearch" time="15.417">
    <failure message="session not created: This version of ChromeDriver only supports Chrome version 78&#10;Build info: version: &apos;3.14.0&apos;, revision: &apos;aacccce0&apos;, time: &apos;2018-08-02T20:19:58.91Z&apos;&#10;System info: host: &apos;DESKTOP-6NI868R&apos;, ip: &apos;10.0.75.1&apos;, os.name: &apos;Windows 10&apos;, os.arch: &apos;amd64&apos;, os.version: &apos;10.0&apos;, java.version: &apos;11.0.4&apos;&#10;Driver info: driver.version: ChromeDriver&#10;remote stacktrace: Backtrace:&#10;	Ordinal0 [0x00DCA903+1550595]&#10;	Ordinal0 [0x00D4A701+1025793]&#10;	Ordinal0 [0x00CCC6E5+509669]&#10;	Ordinal0 [0x00C5FC68+64616]&#10;	Ordinal0 [0x00C5C594+50580]&#10;	Ordinal0 [0x00C7ACE7+175335]&#10;	Ordinal0 [0x00C7A8ED+174317]&#10;	Ordinal0 [0x00C78CDB+167131]&#10;	Ordinal0 [0x00C6144A+70730]&#10;	Ordinal0 [0x00C624D0+74960]&#10;	Ordinal0 [0x00C62469+74857]&#10;	Ordinal0 [0x00D642C7+1131207]&#10;	GetHandleVerifier [0x00E670FD+523789]&#10;	GetHandleVerifier [0x00E66E90+523168]&#10;	GetHandleVerifier [0x00E6E1E7+552695]&#10;	GetHandleVerifier [0x00E678FA+525834]&#10;	Ordinal0 [0x00D5B7FC+1095676]&#10;	Ordinal0 [0x00D6633B+1139515]&#10;	Ordinal0 [0x00D664A3+1139875]&#10;	Ordinal0 [0x00D65425+1135653]&#10;	BaseThreadInitThunk [0x76006359+25]&#10;	RtlGetAppContainerNamedObjectPath [0x77787B74+228]&#10;	RtlGetAppContainerNamedObjectPath [0x77787B44+180]&#10;" type="org.openqa.selenium.SessionNotCreatedException">org.openqa.selenium.SessionNotCreatedException: 
session not created: This version of ChromeDriver only supports Chrome version 78
Build info: version: '3.14.0', revision: 'aacccce0', time: '2018-08-02T20:19:58.91Z'
System info: host: 'DESKTOP-6NI868R', ip: '10.0.75.1', os.name: 'Windows 10', os.arch: 'amd64', os.version: '10.0', java.version: '11.0.4'
Driver info: driver.version: ChromeDriver
remote stacktrace: Backtrace:
	Ordinal0 [0x00DCA903+1550595]
	Ordinal0 [0x00D4A701+1025793]
	Ordinal0 [0x00CCC6E5+509669]
	Ordinal0 [0x00C5FC68+64616]
	Ordinal0 [0x00C5C594+50580]
	Ordinal0 [0x00C7ACE7+175335]
	Ordinal0 [0x00C7A8ED+174317]
	Ordinal0 [0x00C78CDB+167131]
	Ordinal0 [0x00C6144A+70730]
	Ordinal0 [0x00C624D0+74960]
	Ordinal0 [0x00C62469+74857]
	Ordinal0 [0x00D642C7+1131207]
	GetHandleVerifier [0x00E670FD+523789]
	GetHandleVerifier [0x00E66E90+523168]
	GetHandleVerifier [0x00E6E1E7+552695]
	GetHandleVerifier [0x00E678FA+525834]
	Ordinal0 [0x00D5B7FC+1095676]
	Ordinal0 [0x00D6633B+1139515]
	Ordinal0 [0x00D664A3+1139875]
	Ordinal0 [0x00D65425+1135653]
	BaseThreadInitThunk [0x76006359+25]
	RtlGetAppContainerNamedObjectPath [0x77787B74+228]
	RtlGetAppContainerNamedObjectPath [0x77787B44+180]

	at Google.GoogleSearch.SetUp(GoogleSearch.java:33)
</failure>
    <system-out><![CDATA[I am in onStart method Test
I am in onStart method Test
]]></system-out>
    <system-err><![CDATA[SLF4J: Failed to load class "org.slf4j.impl.StaticLoggerBinder".
SLF4J: Defaulting to no-operation (NOP) logger implementation
SLF4J: See http://www.slf4j.org/codes.html#StaticLoggerBinder for further details.
Starting ChromeDriver 78.0.3904.70 (edb9c9f3de0247fd912a77b7f6cae7447f6d3ad5-refs/branch-heads/3904@{#800}) on port 9432
Only local connections are allowed.
Please protect ports used by ChromeDriver and related test frameworks to prevent access by malicious code.
]]></system-err>
  </testcase>
  <testcase name="SetUp" classname="Google.GoogleSearch" time="0">
    <skipped/>
  </testcase>
  <testcase name="TitleTest" classname="Google.GoogleSearch" time="0">
    <skipped message="session not created: This version of ChromeDriver only supports Chrome version 78&#10;Build info: version: &apos;3.14.0&apos;, revision: &apos;aacccce0&apos;, time: &apos;2018-08-02T20:19:58.91Z&apos;&#10;System info: host: &apos;DESKTOP-6NI868R&apos;, ip: &apos;10.0.75.1&apos;, os.name: &apos;Windows 10&apos;, os.arch: &apos;amd64&apos;, os.version: &apos;10.0&apos;, java.version: &apos;11.0.4&apos;&#10;Driver info: driver.version: ChromeDriver&#10;remote stacktrace: Backtrace:&#10;	Ordinal0 [0x00DCA903+1550595]&#10;	Ordinal0 [0x00D4A701+1025793]&#10;	Ordinal0 [0x00CCC6E5+509669]&#10;	Ordinal0 [0x00C5FC68+64616]&#10;	Ordinal0 [0x00C5C594+50580]&#10;	Ordinal0 [0x00C7ACE7+175335]&#10;	Ordinal0 [0x00C7A8ED+174317]&#10;	Ordinal0 [0x00C78CDB+167131]&#10;	Ordinal0 [0x00C6144A+70730]&#10;	Ordinal0 [0x00C624D0+74960]&#10;	Ordinal0 [0x00C62469+74857]&#10;	Ordinal0 [0x00D642C7+1131207]&#10;	GetHandleVerifier [0x00E670FD+523789]&#10;	GetHandleVerifier [0x00E66E90+523168]&#10;	GetHandleVerifier [0x00E6E1E7+552695]&#10;	GetHandleVerifier [0x00E678FA+525834]&#10;	Ordinal0 [0x00D5B7FC+1095676]&#10;	Ordinal0 [0x00D6633B+1139515]&#10;	Ordinal0 [0x00D664A3+1139875]&#10;	Ordinal0 [0x00D65425+1135653]&#10;	BaseThreadInitThunk [0x76006359+25]&#10;	RtlGetAppContainerNamedObjectPath [0x77787B74+228]&#10;	RtlGetAppContainerNamedObjectPath [0x77787B44+180]&#10;"/>
    <system-out><![CDATA[I am in onTestSkipped method TitleTest skipped
]]></system-out>
  </testcase>
  <testcase name="teardown" classname="Google.GoogleSearch" time="0">
    <skipped/>
    <system-out><![CDATA[I am in onTestSkipped method TitleTest skipped
]]></system-out>
  </testcase>
  <testcase name="teardown" classname="Google.GoogleSearch" time="0">
    <skipped/>
    <system-out><![CDATA[I am in onTestSkipped method TitleTest2 skipped
]]></system-out>
  </testcase>
  <testcase name="TitleTest2" classname="Google.GoogleSearch" time="0">
    <skipped message="session not created: This version of ChromeDriver only supports Chrome version 78&#10;Build info: version: &apos;3.14.0&apos;, revision: &apos;aacccce0&apos;, time: &apos;2018-08-02T20:19:58.91Z&apos;&#10;System info: host: &apos;DESKTOP-6NI868R&apos;, ip: &apos;10.0.75.1&apos;, os.name: &apos;Windows 10&apos;, os.arch: &apos;amd64&apos;, os.version: &apos;10.0&apos;, java.version: &apos;11.0.4&apos;&#10;Driver info: driver.version: ChromeDriver&#10;remote stacktrace: Backtrace:&#10;	Ordinal0 [0x00DCA903+1550595]&#10;	Ordinal0 [0x00D4A701+1025793]&#10;	Ordinal0 [0x00CCC6E5+509669]&#10;	Ordinal0 [0x00C5FC68+64616]&#10;	Ordinal0 [0x00C5C594+50580]&#10;	Ordinal0 [0x00C7ACE7+175335]&#10;	Ordinal0 [0x00C7A8ED+174317]&#10;	Ordinal0 [0x00C78CDB+167131]&#10;	Ordinal0 [0x00C6144A+70730]&#10;	Ordinal0 [0x00C624D0+74960]&#10;	Ordinal0 [0x00C62469+74857]&#10;	Ordinal0 [0x00D642C7+1131207]&#10;	GetHandleVerifier [0x00E670FD+523789]&#10;	GetHandleVerifier [0x00E66E90+523168]&#10;	GetHandleVerifier [0x00E6E1E7+552695]&#10;	GetHandleVerifier [0x00E678FA+525834]&#10;	Ordinal0 [0x00D5B7FC+1095676]&#10;	Ordinal0 [0x00D6633B+1139515]&#10;	Ordinal0 [0x00D664A3+1139875]&#10;	Ordinal0 [0x00D65425+1135653]&#10;	BaseThreadInitThunk [0x76006359+25]&#10;	RtlGetAppContainerNamedObjectPath [0x77787B74+228]&#10;	RtlGetAppContainerNamedObjectPath [0x77787B44+180]&#10;"/>
    <system-out><![CDATA[I am in onTestSkipped method TitleTest2 skipped
]]></system-out>
  </testcase>
</testsuite>