-------------------------------------------------------------------------------
Test set: TestSuite
-------------------------------------------------------------------------------
Tests run: 2, Failures: 1, Errors: 0, Skipped: 0, Time elapsed: 23.379 s <<< FAILURE! - in TestSuite
TitleTest2(Google.GoogleSearch)  Time elapsed: 0.694 s  <<< FAILURE!
java.lang.AssertionError: expected [Google1] but found [Google]
	at Google.GoogleSearch.TitleTest2(GoogleSearch.java:49)

