<?xml version="1.0" encoding="UTF-8"?>
<testng-results ignored="0" total="2" passed="2" failed="0" skipped="0">
  <reporter-output>
  </reporter-output>
  <suite started-at="2019-10-25T12:53:48Z" name="Suite" finished-at="2019-10-25T12:54:21Z" duration-ms="32692">
    <groups>
    </groups>
    <test started-at="2019-10-25T12:53:48Z" name="Test" finished-at="2019-10-25T12:54:21Z" duration-ms="32692">
      <class name="Google.GoogleSearch">
        <test-method is-config="true" signature="SetUp()[pri:0, instance:Google.GoogleSearch@57b9e423]" started-at="2019-10-25T12:53:48Z" name="SetUp" finished-at="2019-10-25T12:54:05Z" duration-ms="17283" status="PASS">
          <reporter-output>
          </reporter-output>
        </test-method> <!-- SetUp -->
        <test-method signature="TitleTest()[pri:1, instance:Google.GoogleSearch@57b9e423]" started-at="2019-10-25T12:54:06Z" name="TitleTest" description="TitleTest" finished-at="2019-10-25T12:54:06Z" duration-ms="152" status="PASS">
          <reporter-output>
          </reporter-output>
        </test-method> <!-- TitleTest -->
        <test-method is-config="true" signature="teardown()[pri:0, instance:Google.GoogleSearch@57b9e423]" started-at="2019-10-25T12:54:06Z" name="teardown" finished-at="2019-10-25T12:54:07Z" duration-ms="1037" status="PASS">
          <reporter-output>
          </reporter-output>
        </test-method> <!-- teardown -->
        <test-method is-config="true" signature="SetUp()[pri:0, instance:Google.GoogleSearch@57b9e423]" started-at="2019-10-25T12:54:07Z" name="SetUp" finished-at="2019-10-25T12:54:20Z" duration-ms="12851" status="PASS">
          <reporter-output>
          </reporter-output>
        </test-method> <!-- SetUp -->
        <test-method signature="TitleTest2()[pri:2, instance:Google.GoogleSearch@57b9e423]" started-at="2019-10-25T12:54:20Z" name="TitleTest2" description="TitleTest1" finished-at="2019-10-25T12:54:20Z" duration-ms="18" status="PASS">
          <reporter-output>
          </reporter-output>
        </test-method> <!-- TitleTest2 -->
        <test-method is-config="true" signature="teardown()[pri:0, instance:Google.GoogleSearch@57b9e423]" started-at="2019-10-25T12:54:20Z" name="teardown" finished-at="2019-10-25T12:54:21Z" duration-ms="802" status="PASS">
          <reporter-output>
          </reporter-output>
        </test-method> <!-- teardown -->
      </class> <!-- Google.GoogleSearch -->
    </test> <!-- Test -->
  </suite> <!-- Suite -->
</testng-results>
