<?xml version="1.0" encoding="UTF-8"?>
<testng-results skipped="0" failed="0" ignored="0" total="2" passed="2">
  <reporter-output>
  </reporter-output>
  <suite name="Default suite" duration-ms="29166" started-at="2019-10-25T13:03:17Z" finished-at="2019-10-25T13:03:47Z">
    <groups>
    </groups>
    <test name="Default test" duration-ms="29166" started-at="2019-10-25T13:03:17Z" finished-at="2019-10-25T13:03:47Z">
      <class name="Google.GoogleSearch">
        <test-method status="PASS" signature="SetUp()[pri:0, instance:Google.GoogleSearch@23f7d05d]" name="SetUp" is-config="true" duration-ms="14266" started-at="2019-10-25T13:03:17Z" finished-at="2019-10-25T13:03:32Z">
          <reporter-output>
          </reporter-output>
        </test-method> <!-- SetUp -->
        <test-method status="PASS" signature="TitleTest()[pri:1, instance:Google.GoogleSearch@23f7d05d]" name="TitleTest" duration-ms="121" started-at="2019-10-25T13:03:32Z" description="TitleTest" finished-at="2019-10-25T13:03:32Z">
          <reporter-output>
          </reporter-output>
        </test-method> <!-- TitleTest -->
        <test-method status="PASS" signature="teardown()[pri:0, instance:Google.GoogleSearch@23f7d05d]" name="teardown" is-config="true" duration-ms="843" started-at="2019-10-25T13:03:32Z" finished-at="2019-10-25T13:03:33Z">
          <reporter-output>
          </reporter-output>
        </test-method> <!-- teardown -->
        <test-method status="PASS" signature="SetUp()[pri:0, instance:Google.GoogleSearch@23f7d05d]" name="SetUp" is-config="true" duration-ms="12370" started-at="2019-10-25T13:03:33Z" finished-at="2019-10-25T13:03:45Z">
          <reporter-output>
          </reporter-output>
        </test-method> <!-- SetUp -->
        <test-method status="PASS" signature="TitleTest2()[pri:2, instance:Google.GoogleSearch@23f7d05d]" name="TitleTest2" duration-ms="5" started-at="2019-10-25T13:03:45Z" description="TitleTest1" finished-at="2019-10-25T13:03:45Z">
          <reporter-output>
          </reporter-output>
        </test-method> <!-- TitleTest2 -->
        <test-method status="PASS" signature="teardown()[pri:0, instance:Google.GoogleSearch@23f7d05d]" name="teardown" is-config="true" duration-ms="1190" started-at="2019-10-25T13:03:45Z" finished-at="2019-10-25T13:03:47Z">
          <reporter-output>
          </reporter-output>
        </test-method> <!-- teardown -->
      </class> <!-- Google.GoogleSearch -->
    </test> <!-- Default test -->
  </suite> <!-- Default suite -->
</testng-results>
